kron linear all 0.0001
{'mnist_acc': 0.9886999726295471, 'mnist_nll': 2.2023041248321533, 'mnist_ece': 0.878117015016079, 'mnist_mce': 0.878117015016079, 'mnist_brier': 0.8790603295730794, 'mnist_conf': 0.110582985, 'fmnist_conf': 0.10700251, 'auroc': 0.947988665, 'cal_x': [0.05, 0.110582985, 0.25, 0.35000000000000003, 0.45, 0.55, 0.6500000000000001, 0.75, 0.8500000000000001, 0.95], 'cal_y': [nan, 0.9887, nan, nan, nan, nan, nan, nan, nan, nan]}
kron linear all 0.001
{'mnist_acc': 0.9886999726295471, 'mnist_nll': 1.988419532775879, 'mnist_ece': 0.8516017025232315, 'mnist_mce': 0.8516017025232315, 'mnist_brier': 0.8279690121489555, 'mnist_conf': 0.1370983, 'fmnist_conf': 0.12291267, 'auroc': 0.9525457800000001, 'cal_x': [0.05, 0.1370983, 0.25, 0.35000000000000003, 0.45, 0.55, 0.6500000000000001, 0.75, 0.8500000000000001, 0.95], 'cal_y': [nan, 0.9887, nan, nan, nan, nan, nan, nan, nan, nan]}
kron linear all 0.01
{'mnist_acc': 0.9886000156402588, 'mnist_nll': 1.4413551092147827, 'mnist_ece': 0.7499745474815369, 'mnist_mce': 0.7545636623573827, 'mnist_brier': 0.6480571274853402, 'mnist_conf': 0.23862547, 'fmnist_conf': 0.16529167, 'auroc': 0.960837875, 'cal_x': [0.05, 0.17864873, 0.24455722, 0.35000000000000003, 0.45, 0.55, 0.6500000000000001, 0.75, 0.8500000000000001, 0.95], 'cal_y': [nan, 0.8822222222222222, 0.9991208791208791, nan, nan, nan, nan, nan, nan, nan]}
kron linear all 0.1
{'mnist_acc': 0.9878000020980835, 'mnist_nll': 0.6041666269302368, 'mnist_ece': 0.41629643997550014, 'mnist_mce': 0.6322556330345336, 'mnist_brier': 0.23310059529156746, 'mnist_conf': 0.57150364, 'fmnist_conf': 0.23868659, 'auroc': 0.9622843449999999, 'cal_x': [0.05, 0.18024932, 0.25559258, 0.35374203, 0.45224902, 0.5530831, 0.65375257, 0.73195666, 0.801316, 0.95], 'cal_y': [nan, 0.5978260869565217, 0.8747628083491461, 0.9859976662777129, 0.9960348929421095, 0.9995226730310263, 1.0, 0.9994869163673679, 1.0, nan]}
kron linear all 1.0
{'mnist_acc': 0.9872999787330627, 'mnist_nll': 0.1796996295452118, 'mnist_ece': 0.12050023518204689, 'mnist_mce': 0.49079354827095867, 'mnist_brier': 0.060193509018034184, 'mnist_conf': 0.86679983, 'fmnist_conf': 0.3701889, 'auroc': 0.95745345, 'cal_x': [0.05, 0.188996, 0.26030076, 0.34862673, 0.45138332, 0.5532351, 0.6524846, 0.75383025, 0.85819125, 0.9666992], 'cal_y': [nan, 0.3333333333333333, 0.6776859504132231, 0.7894736842105263, 0.9421768707482994, 0.9798270893371758, 0.9962264150943396, 0.9943422913719944, 1.0, 0.9996858803204021]}
kron linear all 10.0
{'mnist_acc': 0.9872000217437744, 'mnist_nll': 0.06389683485031128, 'mnist_ece': 0.027829325285553912, 'mnist_mce': 0.2698977589607239, 'mnist_brier': 0.025051313351282883, 'mnist_conf': 0.959491, 'fmnist_conf': 0.5861114, 'auroc': 0.9490136650000001, 'cal_x': [0.05, 0.15000000000000002, 0.27070135, 0.3507132, 0.45706776, 0.54260224, 0.64840513, 0.7501797, 0.85809374, 0.99085087], 'cal_y': [nan, nan, 0.23529411764705882, 0.6, 0.6880733944954128, 0.8125, 0.9130434782608695, 0.9372197309417041, 0.995049504950495, 0.9991048450262952]}
kron linear all 100.0
{'mnist_acc': 0.987500011920929, 'mnist_nll': 0.039707113057374954, 'mnist_ece': 0.001801467460393889, 'mnist_mce': 0.08261831038033784, 'mnist_brier': 0.018856531526895256, 'mnist_conf': 0.9857953, 'fmnist_conf': 0.77345383, 'auroc': 0.9420686450000001, 'cal_x': [0.05, 0.15000000000000002, 0.25, 0.36451593, 0.46009737, 0.5487137, 0.648725, 0.7556358, 0.85873604, 0.99735916], 'cal_y': [nan, nan, nan, 0.42857142857142855, 0.4473684210526316, 0.56, 0.7313432835820896, 0.7802197802197802, 0.9104477611940298, 0.9975015615240475]}
kron linear last_layer 0.0001
{'mnist_acc': 0.9886999726295471, 'mnist_nll': 2.202224016189575, 'mnist_ece': 0.878108104121685, 'mnist_mce': 0.878108104121685, 'mnist_brier': 0.8790430035417474, 'mnist_conf': 0.110591896, 'fmnist_conf': 0.10702892, 'auroc': 0.9474300449999999, 'cal_x': [0.05, 0.110591896, 0.25, 0.35000000000000003, 0.45, 0.55, 0.6500000000000001, 0.75, 0.8500000000000001, 0.95], 'cal_y': [nan, 0.9887, nan, nan, nan, nan, nan, nan, nan, nan]}
kron linear last_layer 0.001
{'mnist_acc': 0.9886999726295471, 'mnist_nll': 1.9901832342147827, 'mnist_ece': 0.851849181008339, 'mnist_mce': 0.851849181008339, 'mnist_brier': 0.8284444006072091, 'mnist_conf': 0.13685082, 'fmnist_conf': 0.123534426, 'auroc': 0.9468059600000001, 'cal_x': [0.05, 0.13685082, 0.25, 0.35000000000000003, 0.45, 0.55, 0.6500000000000001, 0.75, 0.8500000000000001, 0.95], 'cal_y': [nan, 0.9887, nan, nan, nan, nan, nan, nan, nan, nan]}
kron linear last_layer 0.01
{'mnist_acc': 0.9886999726295471, 'mnist_nll': 1.39235258102417, 'mnist_ece': 0.7385793067574502, 'mnist_mce': 0.7443103187539605, 'mnist_brier': 0.629188081006012, 'mnist_conf': 0.25012067, 'fmnist_conf': 0.185776, 'auroc': 0.94425367, 'cal_x': [0.05, 0.18174669, 0.2528807, 0.35000000000000003, 0.45, 0.55, 0.6500000000000001, 0.75, 0.8500000000000001, 0.95], 'cal_y': [nan, 0.7783505154639175, 0.9971910112359551, nan, nan, nan, nan, nan, nan, nan]}
kron linear last_layer 0.1
{'mnist_acc': 0.9884999990463257, 'mnist_nll': 0.34696823358535767, 'mnist_ece': 0.2683398264050484, 'mnist_mce': 0.454265052599531, 'mnist_brier': 0.1061358039513973, 'mnist_conf': 0.7201601, 'fmnist_conf': 0.41530785, 'auroc': 0.942672925, 'cal_x': [0.05, 0.15000000000000002, 0.27131468, 0.3551695, 0.45444864, 0.5566373, 0.66074884, 0.75669384, 0.81217784, 0.95], 'cal_y': [nan, nan, 0.5111111111111111, 0.6883116883116883, 0.9087136929460581, 0.9751552795031055, 0.9943714821763602, 0.9997030438010394, 1.0, nan]}
kron linear last_layer 1.0
{'mnist_acc': 0.9884999990463257, 'mnist_nll': 0.04258164018392563, 'mnist_ece': 0.009801407080888757, 'mnist_mce': 0.15292260381910538, 'mnist_brier': 0.018200802366887946, 'mnist_conf': 0.9790546, 'fmnist_conf': 0.7062887, 'auroc': 0.93987873, 'cal_x': [0.05, 0.15000000000000002, 0.25, 0.37714225, 0.45896664, 0.5549346, 0.65263295, 0.7523181, 0.8579378, 0.9917066], 'cal_y': [nan, nan, nan, 0.36363636363636365, 0.5789473684210527, 0.5263157894736842, 0.8055555555555556, 0.8155339805825242, 0.93717277486911, 0.9979009235936188]}
kron linear last_layer 10.0
{'mnist_acc': 0.9884999990463257, 'mnist_nll': 0.039291493594646454, 'mnist_ece': 0.004376922786235794, 'mnist_mce': 0.12412177644124844, 'mnist_brier': 0.018028494999169545, 'mnist_conf': 0.99287695, 'fmnist_conf': 0.82764727, 'auroc': 0.93387525, 'cal_x': [0.05, 0.15000000000000002, 0.25, 0.35000000000000003, 0.46781686, 0.5467653, 0.6550972, 0.7582681, 0.856444, 0.9985285], 'cal_y': [nan, nan, nan, nan, 0.4166666666666667, 0.5454545454545454, 0.55, 0.6341463414634146, 0.8292682926829268, 0.9953022875816994]}
kron linear last_layer 100.0
{'mnist_acc': 0.9886999726295471, 'mnist_nll': 0.04352114722132683, 'mnist_ece': 0.006580285131931296, 'mnist_mce': 0.2555232048034668, 'mnist_brier': 0.01847496720638234, 'mnist_conf': 0.99460965, 'fmnist_conf': 0.8581242, 'auroc': 0.9330059800000001, 'cal_x': [0.05, 0.15000000000000002, 0.25, 0.35000000000000003, 0.4576211, 0.55488664, 0.6539737, 0.7555232, 0.8590646, 0.9989781], 'cal_y': [nan, nan, nan, nan, 0.4, 0.6666666666666666, 0.5555555555555556, 0.5, 0.7241379310344828, 0.9948160195161618]}
kron samp all 0.0001
{'mnist_acc': 0.10100000351667404, 'mnist_nll': 4.195724010467529, 'mnist_ece': 0.1832881716072559, 'mnist_mce': 0.5490694284439087, 'mnist_brier': 0.9904192454410738, 'mnist_conf': 0.2842882, 'fmnist_conf': 0.28392923, 'auroc': 0.50258474, 'cal_x': [0.05, 0.19457246, 0.2548041, 0.3425894, 0.4402013, 0.5445196, 0.6415992, 0.7005393, 0.8500000000000001, 0.95], 'cal_y': [nan, 0.09172259507829977, 0.10473773265651438, 0.08962083492914592, 0.09037328094302555, 0.07246376811594203, 0.16666666666666666, 1.0, nan, nan]}
kron samp all 0.001
{'mnist_acc': 0.09830000251531601, 'mnist_nll': 4.212550163269043, 'mnist_ece': 0.18430240789055827, 'mnist_mce': 0.7378361225128174, 'mnist_brier': 0.9889287931226262, 'mnist_conf': 0.2826024, 'fmnist_conf': 0.28456566, 'auroc': 0.49214663, 'cal_x': [0.05, 0.19387935, 0.25429714, 0.34169143, 0.4385633, 0.5390894, 0.6478282, 0.75, 0.8500000000000001, 0.95], 'cal_y': [nan, 0.11399548532731377, 0.10180149558123726, 0.10646387832699619, 0.11478599221789883, 0.04938271604938271, 0.2, nan, nan, nan]}
kron samp all 0.01
{'mnist_acc': 0.10260000079870224, 'mnist_nll': 4.107570648193359, 'mnist_ece': 0.18060167363882068, 'mnist_mce': 0.7300922274589539, 'mnist_brier': 0.986643488082661, 'mnist_conf': 0.28320166, 'fmnist_conf': 0.28038472, 'auroc': 0.5110545599999999, 'cal_x': [0.05, 0.19358309, 0.25400513, 0.34114242, 0.44007912, 0.5443673, 0.6532093, 0.70628494, 0.8500000000000001, 0.95], 'cal_y': [nan, 0.09413067552602436, 0.1031329381879763, 0.10993176648976498, 0.08158995815899582, 0.14705882352941177, 0.0, 0.0, nan, nan]}
kron samp all 0.1
{'mnist_acc': 0.09950000047683716, 'mnist_nll': 3.6847472190856934, 'mnist_ece': 0.1770535826385021, 'mnist_mce': 0.6372241973876953, 'mnist_brier': 0.9790059015055864, 'mnist_conf': 0.2765536, 'fmnist_conf': 0.27770776, 'auroc': 0.49342860000000005, 'cal_x': [0.05, 0.19263187, 0.25240093, 0.34138837, 0.4421707, 0.53499407, 0.6231546, 0.75, 0.8500000000000001, 0.95], 'cal_y': [nan, 0.10495626822157435, 0.10928606277443487, 0.10750421585160203, 0.10275689223057644, 0.09090909090909091, 0.0, nan, nan, nan]}
kron samp all 1.0
{'mnist_acc': 0.16779999434947968, 'mnist_nll': 2.6511335372924805, 'mnist_ece': 0.09393830111175776, 'mnist_mce': 0.21298604488372802, 'mnist_brier': 0.9160877987185108, 'mnist_conf': 0.26173833, 'fmnist_conf': 0.2616157, 'auroc': 0.50103356, 'cal_x': [0.05, 0.1870573, 0.24775979, 0.3378553, 0.4344954, 0.53395987, 0.6189289, 0.75, 0.8500000000000001, 0.95], 'cal_y': [nan, 0.12696245733788397, 0.16425652310594152, 0.2208267922553637, 0.31223628691983124, 0.21739130434782608, 1.0, nan, nan, nan]}
kron samp all 10.0
{'mnist_acc': 0.9366000294685364, 'mnist_nll': 0.6026590466499329, 'mnist_ece': 0.3464566545590758, 'mnist_mce': 0.46814302290200727, 'mnist_brier': 0.2633058158531913, 'mnist_conf': 0.5901434, 'fmnist_conf': 0.3757608, 'auroc': 0.845228825, 'cal_x': [0.05, 0.18346049, 0.26554635, 0.35365245, 0.4517632, 0.55034786, 0.6492742, 0.74672496, 0.84298664, 0.9300002], 'cal_y': [nan, 0.5454545454545454, 0.503448275862069, 0.7327014218009479, 0.9273778920308483, 0.9847094801223242, 0.9958677685950413, 0.9994162288382954, 1.0, 1.0]}
kron samp all 100.0
{'mnist_acc': 0.9872999787330627, 'mnist_nll': 0.04785357043147087, 'mnist_ece': 0.013826948678493503, 'mnist_mce': 0.22974327206611633, 'mnist_brier': 0.022132243364358362, 'mnist_conf': 0.9734731, 'fmnist_conf': 0.71217495, 'auroc': 0.923740985, 'cal_x': [0.05, 0.15000000000000002, 0.28404868, 0.36198342, 0.4574368, 0.54831415, 0.64865696, 0.75262326, 0.86117303, 0.9940775], 'cal_y': [nan, nan, 0.25, 0.5833333333333334, 0.5370370370370371, 0.631578947368421, 0.8181818181818182, 0.884393063583815, 0.9810725552050473, 0.9984840281537628]}
kron samp last_layer 0.0001
{'mnist_acc': 0.987500011920929, 'mnist_nll': 0.04900210723280907, 'mnist_ece': 0.011275861567258872, 'mnist_mce': 0.1662436199188232, 'mnist_brier': 0.022005907734202093, 'mnist_conf': 0.97622424, 'fmnist_conf': 0.6380391, 'auroc': 0.9506011350000001, 'cal_x': [0.05, 0.15000000000000002, 0.27589425, 0.3659141, 0.45861256, 0.5522717, 0.6506098, 0.756084, 0.8569292, 0.99582404], 'cal_y': [nan, nan, 0.0, 0.64, 0.5806451612903226, 0.7021276595744681, 0.8679245283018868, 0.8905109489051095, 0.9471830985915493, 0.9983853606027987]}
kron samp last_layer 0.001
{'mnist_acc': 0.9878000020980835, 'mnist_nll': 0.05074647441506386, 'mnist_ece': 0.01187049815356727, 'mnist_mce': 0.4800730049610138, 'mnist_brier': 0.021753069050023242, 'mnist_conf': 0.9759295, 'fmnist_conf': 0.6417952, 'auroc': 0.95004365, 'cal_x': [0.05, 0.15000000000000002, 0.27720606, 0.3604285, 0.45925522, 0.5483368, 0.65681845, 0.75018877, 0.8590818, 0.9957369], 'cal_y': [nan, nan, 0.5, 0.5, 0.68, 0.6385542168674698, 0.7884615384615384, 0.8675496688741722, 0.9709090909090909, 0.9982808638659074]}
kron samp last_layer 0.01
{'mnist_acc': 0.9873999953269958, 'mnist_nll': 0.04621753469109535, 'mnist_ece': 0.009713782751560238, 'mnist_mce': 0.22111189365386963, 'mnist_brier': 0.021126319777511244, 'mnist_conf': 0.97768635, 'fmnist_conf': 0.64514655, 'auroc': 0.948914425, 'cal_x': [0.05, 0.15000000000000002, 0.27138057, 0.35568467, 0.45597175, 0.55412304, 0.6495882, 0.7561503, 0.8595971, 0.9961694], 'cal_y': [nan, nan, 0.6, 0.2916666666666667, 0.6078431372549019, 0.7422680412371134, 0.7674418604651163, 0.9133333333333333, 0.9660377358490566, 0.9980690838875778]}
kron samp last_layer 0.1
{'mnist_acc': 0.9886000156402588, 'mnist_nll': 0.04687771201133728, 'mnist_ece': 0.00854408355951307, 'mnist_mce': 0.23447442054748535, 'mnist_brier': 0.02052499073821997, 'mnist_conf': 0.9800559, 'fmnist_conf': 0.6685978, 'auroc': 0.94556915, 'cal_x': [0.05, 0.15000000000000002, 0.2973722, 0.3597002, 0.45990685, 0.5514794, 0.6526138, 0.75093, 0.86026335, 0.996531], 'cal_y': [nan, nan, 0.5, 0.3888888888888889, 0.4444444444444444, 0.620253164556962, 0.8021978021978022, 0.8625954198473282, 0.9267015706806283, 0.9984115217621519]}
kron samp last_layer 1.0
{'mnist_acc': 0.9883999824523926, 'mnist_nll': 0.042248133569955826, 'mnist_ece': 0.002843465903401424, 'mnist_mce': 0.3436100014618465, 'mnist_brier': 0.01882912124598566, 'mnist_conf': 0.9882819, 'fmnist_conf': 0.748418, 'auroc': 0.9408649700000001, 'cal_x': [0.05, 0.15000000000000002, 0.2891236, 0.37263343, 0.45863056, 0.5442658, 0.6545508, 0.75263834, 0.85616326, 0.9979822], 'cal_y': [nan, nan, 0.0, 0.2, 0.4090909090909091, 0.5740740740740741, 0.78, 0.7471264367816092, 0.8706896551724138, 0.9969991721854304]}
kron samp last_layer 10.0
{'mnist_acc': 0.9883000254631042, 'mnist_nll': 0.042147934436798096, 'mnist_ece': 0.005339725154638328, 'mnist_mce': 0.17661023139953613, 'mnist_brier': 0.018453560634008995, 'mnist_conf': 0.99302167, 'fmnist_conf': 0.82196814, 'auroc': 0.934816965, 'cal_x': [0.05, 0.15000000000000002, 0.25, 0.3461372, 0.47150683, 0.54675156, 0.650594, 0.74712074, 0.85341376, 0.99884164], 'cal_y': [nan, nan, nan, 0.0, 0.5, 0.6, 0.6551724137931034, 0.6567164179104478, 0.7285714285714285, 0.9955074535429855]}
kron samp last_layer 100.0
{'mnist_acc': 0.988099992275238, 'mnist_nll': 0.04457118734717369, 'mnist_ece': 0.006374995228648239, 'mnist_mce': 0.3920982778072357, 'mnist_brier': 0.01861256057335608, 'mnist_conf': 0.994475, 'fmnist_conf': 0.8548334, 'auroc': 0.93340282, 'cal_x': [0.05, 0.15000000000000002, 0.25, 0.39615452, 0.4642973, 0.5517563, 0.65399885, 0.75538117, 0.8528531, 0.9989733], 'cal_y': [nan, nan, nan, 0.0, 0.5, 0.5, 0.5526315789473685, 0.5483870967741935, 0.746031746031746, 0.9945105215004575]}
skip
skip
skip
skip
skip
skip
skip
Traceback (most recent call last):
  File "/pscratch/sd/b/benboyd/torch_diff/laplace_redux_script.py", line 321, in <module>
    la = Laplace(model, "classification",
         ^^^^^^^^^^^^^^^^^^^^^^^^^^^^^^^^
  File "/pscratch/sd/b/benboyd/envs/symo_torch311/lib/python3.11/site-packages/laplace/laplace.py", line 46, in Laplace
    laplace_class = laplace_map[(subset_of_weights, hessian_structure)]
                    ~~~~~~~~~~~^^^^^^^^^^^^^^^^^^^^^^^^^^^^^^^^^^^^^^^^
KeyError: ('last_layer', 'lowrank')
